#! /c/Source/iverilog-install/bin/vvp
:ivl_version "12.0 (devel)" "(s20150603-1539-g2693dd32b)";
:ivl_delay_selection "TYPICAL";
:vpi_time_precision - 12;
:vpi_module "C:\iverilog\lib\ivl\system.vpi";
:vpi_module "C:\iverilog\lib\ivl\vhdl_sys.vpi";
:vpi_module "C:\iverilog\lib\ivl\vhdl_textio.vpi";
:vpi_module "C:\iverilog\lib\ivl\v2005_math.vpi";
:vpi_module "C:\iverilog\lib\ivl\va_math.vpi";
:vpi_module "C:\iverilog\lib\ivl\v2009.vpi";
S_000001b4917219a0 .scope package, "$unit" "$unit" 2 1;
 .timescale 0 0;
S_000001b4917233a0 .scope module, "tb_apb_system" "tb_apb_system" 3 3;
 .timescale -9 -12;
P_000001b4917a8b70 .param/l "CLK_PERIOD" 0 3 8, +C4<00000000000000000000000000001010>;
P_000001b4917a8ba8 .param/l "TIMEOUT_CYCLES" 0 3 9, +C4<00000000000000000000000001100100>;
v000001b49177a5c0_0 .net "PADDR", 31 0, v000001b49171d680_0;  1 drivers
v000001b491779ee0_0 .var "PCLK", 0 0;
v000001b491779f80_0 .net "PENABLE", 0 0, v000001b49171d900_0;  1 drivers
v000001b49177a7a0_0 .net "PRDATA", 31 0, v000001b49177a840_0;  1 drivers
L_000001b4917b0088 .functor BUFT 1, C4<1>, C4<0>, C4<0>, C4<0>;
v000001b49177a340_0 .net "PREADY", 0 0, L_000001b4917b0088;  1 drivers
v000001b49177aac0_0 .var "PRESETn", 0 0;
v000001b4917794e0_0 .net "PSEL", 0 0, v000001b49171dcc0_0;  1 drivers
v000001b49177a200_0 .net "PWDATA", 31 0, v000001b49171cfa0_0;  1 drivers
v000001b49177ad40_0 .net "PWRITE", 0 0, v000001b49171d040_0;  1 drivers
v000001b49177a660_0 .var "addr_in", 31 0;
v000001b49177b100_0 .var/2s "errors", 31 0;
v000001b491779580_0 .var "mux", 1 0;
v000001b49177a160_0 .var "rand_addr", 31 0;
v000001b49177a3e0_0 .var "rand_data", 31 0;
v000001b49177b1a0_0 .var "rdata", 31 0;
v000001b49177ab60_0 .var/2s "tests_run", 31 0;
v000001b491779800_0 .var "wdata_in", 31 0;
E_000001b49171f340 .event negedge, v000001b49171ce60_0;
E_000001b49171fdc0 .event posedge, v000001b49171ce60_0;
S_000001b491715b70 .scope begin, "$ivl_for_loop0" "$ivl_for_loop0" 3 168, 3 168 0, S_000001b4917233a0;
 .timescale -9 -12;
v000001b49171d400_0 .var/2s "i", 31 0;
S_000001b491715d00 .scope autotask, "apb_read" "apb_read" 3 111, 3 111 0, S_000001b4917233a0;
 .timescale -9 -12;
v000001b49171d720_0 .var "address", 31 0;
v000001b49171d7c0_0 .var "data", 31 0;
TD_tb_apb_system.apb_read ;
    %wait E_000001b49171fdc0;
    %load/vec4 v000001b49171d720_0;
    %assign/vec4 v000001b49177a660_0, 0;
    %pushi/vec4 1, 0, 2;
    %assign/vec4 v000001b491779580_0, 0;
    %wait E_000001b49171fdc0;
    %pushi/vec4 0, 0, 2;
    %assign/vec4 v000001b491779580_0, 0;
    %alloc S_000001b4917265e0;
    %fork TD_tb_apb_system.wait_apb_done, S_000001b4917265e0;
    %join;
    %free S_000001b4917265e0;
    %load/vec4 v000001b49177ac00_0;
    %store/vec4 v000001b49171d7c0_0, 0, 32;
    %end;
S_000001b4917173e0 .scope autotask, "apb_write" "apb_write" 3 96, 3 96 0, S_000001b4917233a0;
 .timescale -9 -12;
v000001b49171d4a0_0 .var "address", 31 0;
v000001b49171da40_0 .var "data", 31 0;
TD_tb_apb_system.apb_write ;
    %wait E_000001b49171fdc0;
    %load/vec4 v000001b49171d4a0_0;
    %assign/vec4 v000001b49177a660_0, 0;
    %load/vec4 v000001b49171da40_0;
    %assign/vec4 v000001b491779800_0, 0;
    %pushi/vec4 3, 0, 2;
    %assign/vec4 v000001b491779580_0, 0;
    %wait E_000001b49171fdc0;
    %pushi/vec4 0, 0, 2;
    %assign/vec4 v000001b491779580_0, 0;
    %alloc S_000001b4917265e0;
    %fork TD_tb_apb_system.wait_apb_done, S_000001b4917265e0;
    %join;
    %free S_000001b4917265e0;
    %end;
S_000001b491717570 .scope task, "check_result" "check_result" 3 126, 3 126 0, S_000001b4917233a0;
 .timescale -9 -12;
v000001b49171d5e0_0 .var "actual", 31 0;
v000001b49171dd60_0 .var "addr", 31 0;
v000001b49171d540_0 .var "expected", 31 0;
TD_tb_apb_system.check_result ;
    ; show_stmt_assign_vector: Get l-value for compressed += operand
    %load/vec4 v000001b49177ab60_0;
    %pushi/vec4 1, 0, 32;
    %add;
    %cast2;
    %store/vec4 v000001b49177ab60_0, 0, 32;
    %load/vec4 v000001b49171d540_0;
    %load/vec4 v000001b49171d5e0_0;
    %cmp/ne;
    %jmp/0xz  T_2.0, 6;
    %vpi_call/w 3 129 "$error", "[FAIL] Addr: 0x%h | Exp: 0x%h | Got: 0x%h", v000001b49171dd60_0, v000001b49171d540_0, v000001b49171d5e0_0 {0 0 0};
    ; show_stmt_assign_vector: Get l-value for compressed += operand
    %load/vec4 v000001b49177b100_0;
    %pushi/vec4 1, 0, 32;
    %add;
    %cast2;
    %store/vec4 v000001b49177b100_0, 0, 32;
T_2.0 ;
    %end;
S_000001b4916f0b60 .scope module, "u_master" "apb_master" 3 45, 4 6 0, S_000001b4917233a0;
 .timescale 0 0;
    .port_info 0 /INPUT 1 "PCLK";
    .port_info 1 /INPUT 1 "PRESETn";
    .port_info 2 /INPUT 2 "mux";
    .port_info 3 /INPUT 32 "wdata_in";
    .port_info 4 /INPUT 32 "addr_in";
    .port_info 5 /OUTPUT 32 "PADDR";
    .port_info 6 /OUTPUT 1 "PSEL";
    .port_info 7 /OUTPUT 1 "PENABLE";
    .port_info 8 /OUTPUT 1 "PWRITE";
    .port_info 9 /OUTPUT 32 "PWDATA";
    .port_info 10 /INPUT 32 "PRDATA";
    .port_info 11 /INPUT 1 "PREADY";
enum000001b49170ee00 .enum4 (2)
   "IDLE" 2'b00,
   "SETUP" 2'b01,
   "ACCESS" 2'b10
 ;
v000001b49171d680_0 .var "PADDR", 31 0;
v000001b49171ce60_0 .net "PCLK", 0 0, v000001b491779ee0_0;  1 drivers
v000001b49171d900_0 .var "PENABLE", 0 0;
v000001b49171dae0_0 .net "PRDATA", 31 0, v000001b49177a840_0;  alias, 1 drivers
v000001b49171d9a0_0 .net "PREADY", 0 0, L_000001b4917b0088;  alias, 1 drivers
v000001b49171cf00_0 .net "PRESETn", 0 0, v000001b49177aac0_0;  1 drivers
v000001b49171dcc0_0 .var "PSEL", 0 0;
v000001b49171cfa0_0 .var "PWDATA", 31 0;
v000001b49171d040_0 .var "PWRITE", 0 0;
v000001b49171d0e0_0 .net "addr_in", 31 0, v000001b49177a660_0;  1 drivers
v000001b49171d180_0 .var "addr_reg", 31 0;
v000001b49171d220_0 .var "current_state", 1 0;
v000001b49171d2c0_0 .net "mux", 1 0, v000001b491779580_0;  1 drivers
v000001b491779da0_0 .var "next_state", 1 0;
v000001b49177ac00_0 .var "rdata_reg", 31 0;
v000001b491779940_0 .net "wdata_in", 31 0, v000001b491779800_0;  1 drivers
v000001b4917799e0_0 .var "wdata_reg", 31 0;
v000001b49177a980_0 .var "write_reg", 0 0;
E_000001b49171f980/0 .event negedge, v000001b49171cf00_0;
E_000001b49171f980/1 .event posedge, v000001b49171ce60_0;
E_000001b49171f980 .event/or E_000001b49171f980/0, E_000001b49171f980/1;
E_000001b49171ff00 .event anyedge, v000001b4917799e0_0, v000001b49177a980_0, v000001b49171d180_0, v000001b49171d220_0;
E_000001b49171f0c0 .event anyedge, v000001b49171d220_0, v000001b49171d2c0_0, v000001b49171d9a0_0;
S_000001b4916f0e00 .scope module, "u_slave" "apb_slave_simple" 3 60, 5 6 0, S_000001b4917233a0;
 .timescale 0 0;
    .port_info 0 /INPUT 1 "PCLK";
    .port_info 1 /INPUT 1 "PRESETn";
    .port_info 2 /INPUT 32 "PADDR";
    .port_info 3 /INPUT 1 "PSEL";
    .port_info 4 /INPUT 1 "PENABLE";
    .port_info 5 /INPUT 1 "PWRITE";
    .port_info 6 /INPUT 32 "PWDATA";
    .port_info 7 /OUTPUT 32 "PRDATA";
    .port_info 8 /OUTPUT 1 "PREADY";
v000001b491779e40_0 .net "PADDR", 31 0, v000001b49171d680_0;  alias, 1 drivers
v000001b49177a2a0_0 .net "PCLK", 0 0, v000001b491779ee0_0;  alias, 1 drivers
v000001b49177aca0_0 .net "PENABLE", 0 0, v000001b49171d900_0;  alias, 1 drivers
v000001b49177a840_0 .var "PRDATA", 31 0;
v000001b49177a700_0 .net "PREADY", 0 0, L_000001b4917b0088;  alias, 1 drivers
v000001b49177a0c0_0 .net "PRESETn", 0 0, v000001b49177aac0_0;  alias, 1 drivers
v000001b49177a8e0_0 .net "PSEL", 0 0, v000001b49171dcc0_0;  alias, 1 drivers
v000001b49177a020_0 .net "PWDATA", 31 0, v000001b49171cfa0_0;  alias, 1 drivers
v000001b491779440_0 .net "PWRITE", 0 0, v000001b49171d040_0;  alias, 1 drivers
v000001b49177b060_0 .net "addr_idx", 1 0, L_000001b491779300;  1 drivers
v000001b491779760 .array "regfile", 3 0, 31 0;
v000001b491779760_0 .array/port v000001b491779760, 0;
E_000001b49171fbc0/0 .event anyedge, v000001b49171dcc0_0, v000001b49171d040_0, v000001b49177b060_0, v000001b491779760_0;
v000001b491779760_1 .array/port v000001b491779760, 1;
v000001b491779760_2 .array/port v000001b491779760, 2;
v000001b491779760_3 .array/port v000001b491779760, 3;
E_000001b49171fbc0/1 .event anyedge, v000001b491779760_1, v000001b491779760_2, v000001b491779760_3;
E_000001b49171fbc0 .event/or E_000001b49171fbc0/0, E_000001b49171fbc0/1;
L_000001b491779300 .part v000001b49171d680_0, 2, 2;
S_000001b4917265e0 .scope autotask, "wait_apb_done" "wait_apb_done" 3 78, 3 78 0, S_000001b4917233a0;
 .timescale -9 -12;
E_000001b49171f240 .event anyedge, v000001b49171dcc0_0, v000001b49171d900_0, v000001b49171d9a0_0;
TD_tb_apb_system.wait_apb_done ;
    %fork t_1, S_000001b4917265e0;
    %fork t_2, S_000001b4917265e0;
    %join;
    %join/detach 1;
    %jmp t_0;
t_1 ;
T_3.2 ;
    %load/vec4 v000001b4917794e0_0;
    %flag_set/vec4 9;
    %flag_get/vec4 9;
    %jmp/0 T_3.5, 9;
    %load/vec4 v000001b491779f80_0;
    %and;
T_3.5;
    %flag_set/vec4 8;
    %flag_get/vec4 8;
    %jmp/0 T_3.4, 8;
    %load/vec4 v000001b49177a340_0;
    %and;
T_3.4;
    %cmpi/ne 1, 0, 1;
    %jmp/0xz T_3.3, 6;
    %wait E_000001b49171f240;
    %jmp T_3.2;
T_3.3 ;
    %wait E_000001b49171fdc0;
    %end;
t_2 ;
    %pushi/vec4 100, 0, 32;
T_3.6 %dup/vec4;
    %pushi/vec4 0, 0, 32;
    %cmp/s;
    %jmp/1xz T_3.7, 5;
    %jmp/1 T_3.7, 4;
    %pushi/vec4 1, 0, 32;
    %sub;
    %wait E_000001b49171fdc0;
    %jmp T_3.6;
T_3.7 ;
    %pop/vec4 1;
    %vpi_call/w 3 88 "$error", "[FATAL] Timeout! Slave did not assert PREADY within %0d cycles.", P_000001b4917a8ba8 {0 0 0};
    %vpi_call/w 3 89 "$finish" {0 0 0};
    %end;
    .scope S_000001b4917265e0;
t_0 ;
    %disable/fork;
    %end;
    .scope S_000001b4916f0b60;
T_4 ;
    %wait E_000001b49171f980;
    %load/vec4 v000001b49171cf00_0;
    %inv;
    %flag_set/vec4 8;
    %jmp/0xz  T_4.0, 8;
    %pushi/vec4 0, 0, 2;
    %assign/vec4 v000001b49171d220_0, 0;
    %jmp T_4.1;
T_4.0 ;
    %load/vec4 v000001b491779da0_0;
    %assign/vec4 v000001b49171d220_0, 0;
T_4.1 ;
    %jmp T_4;
    .thread T_4;
    .scope S_000001b4916f0b60;
T_5 ;
    %wait E_000001b49171f0c0;
    %load/vec4 v000001b49171d220_0;
    %store/vec4 v000001b491779da0_0, 0, 2;
    %load/vec4 v000001b49171d220_0;
    %dup/vec4;
    %pushi/vec4 0, 0, 2;
    %cmp/u;
    %jmp/1 T_5.0, 6;
    %dup/vec4;
    %pushi/vec4 1, 0, 2;
    %cmp/u;
    %jmp/1 T_5.1, 6;
    %dup/vec4;
    %pushi/vec4 2, 0, 2;
    %cmp/u;
    %jmp/1 T_5.2, 6;
    %pushi/vec4 0, 0, 2;
    %store/vec4 v000001b491779da0_0, 0, 2;
    %jmp T_5.4;
T_5.0 ;
    %load/vec4 v000001b49171d2c0_0;
    %cmpi/e 1, 0, 2;
    %jmp/1 T_5.7, 4;
    %flag_mov 8, 4;
    %load/vec4 v000001b49171d2c0_0;
    %cmpi/e 3, 0, 2;
    %flag_or 4, 8;
T_5.7;
    %jmp/0xz  T_5.5, 4;
    %pushi/vec4 1, 0, 2;
    %store/vec4 v000001b491779da0_0, 0, 2;
T_5.5 ;
    %jmp T_5.4;
T_5.1 ;
    %pushi/vec4 2, 0, 2;
    %store/vec4 v000001b491779da0_0, 0, 2;
    %jmp T_5.4;
T_5.2 ;
    %load/vec4 v000001b49171d9a0_0;
    %flag_set/vec4 8;
    %jmp/0xz  T_5.8, 8;
    %pushi/vec4 0, 0, 2;
    %store/vec4 v000001b491779da0_0, 0, 2;
T_5.8 ;
    %jmp T_5.4;
T_5.4 ;
    %pop/vec4 1;
    %jmp T_5;
    .thread T_5, $push;
    .scope S_000001b4916f0b60;
T_6 ;
    %wait E_000001b49171ff00;
    %pushi/vec4 0, 0, 1;
    %store/vec4 v000001b49171dcc0_0, 0, 1;
    %pushi/vec4 0, 0, 1;
    %store/vec4 v000001b49171d900_0, 0, 1;
    %load/vec4 v000001b4917799e0_0;
    %store/vec4 v000001b49171cfa0_0, 0, 32;
    %load/vec4 v000001b49177a980_0;
    %store/vec4 v000001b49171d040_0, 0, 1;
    %load/vec4 v000001b49171d180_0;
    %store/vec4 v000001b49171d680_0, 0, 32;
    %load/vec4 v000001b49171d220_0;
    %dup/vec4;
    %pushi/vec4 0, 0, 2;
    %cmp/u;
    %jmp/1 T_6.0, 6;
    %dup/vec4;
    %pushi/vec4 1, 0, 2;
    %cmp/u;
    %jmp/1 T_6.1, 6;
    %dup/vec4;
    %pushi/vec4 2, 0, 2;
    %cmp/u;
    %jmp/1 T_6.2, 6;
    %jmp T_6.3;
T_6.0 ;
    %pushi/vec4 0, 0, 1;
    %store/vec4 v000001b49171dcc0_0, 0, 1;
    %pushi/vec4 0, 0, 1;
    %store/vec4 v000001b49171d900_0, 0, 1;
    %jmp T_6.3;
T_6.1 ;
    %pushi/vec4 1, 0, 1;
    %store/vec4 v000001b49171dcc0_0, 0, 1;
    %pushi/vec4 0, 0, 1;
    %store/vec4 v000001b49171d900_0, 0, 1;
    %jmp T_6.3;
T_6.2 ;
    %pushi/vec4 1, 0, 1;
    %store/vec4 v000001b49171dcc0_0, 0, 1;
    %pushi/vec4 1, 0, 1;
    %store/vec4 v000001b49171d900_0, 0, 1;
    %jmp T_6.3;
T_6.3 ;
    %pop/vec4 1;
    %jmp T_6;
    .thread T_6, $push;
    .scope S_000001b4916f0b60;
T_7 ;
    %wait E_000001b49171f980;
    %load/vec4 v000001b49171cf00_0;
    %nor/r;
    %flag_set/vec4 8;
    %jmp/0xz  T_7.0, 8;
    %pushi/vec4 0, 0, 1;
    %assign/vec4 v000001b49177a980_0, 0;
    %pushi/vec4 0, 0, 32;
    %assign/vec4 v000001b4917799e0_0, 0;
    %pushi/vec4 0, 0, 32;
    %assign/vec4 v000001b49177ac00_0, 0;
    %pushi/vec4 0, 0, 32;
    %assign/vec4 v000001b49171d180_0, 0;
    %jmp T_7.1;
T_7.0 ;
    %load/vec4 v000001b49171d220_0;
    %cmpi/e 0, 0, 2;
    %flag_get/vec4 4;
    %jmp/0 T_7.4, 4;
    %load/vec4 v000001b491779da0_0;
    %pushi/vec4 1, 0, 2;
    %cmp/e;
    %flag_get/vec4 4;
    %and;
T_7.4;
    %flag_set/vec4 8;
    %jmp/0xz  T_7.2, 8;
    %load/vec4 v000001b49171d2c0_0;
    %pushi/vec4 3, 0, 2;
    %cmp/e;
    %flag_get/vec4 4;
    %assign/vec4 v000001b49177a980_0, 0;
    %load/vec4 v000001b491779940_0;
    %assign/vec4 v000001b4917799e0_0, 0;
    %load/vec4 v000001b49171d0e0_0;
    %assign/vec4 v000001b49171d180_0, 0;
T_7.2 ;
    %load/vec4 v000001b49171d220_0;
    %cmpi/e 2, 0, 2;
    %flag_get/vec4 4;
    %jmp/0 T_7.8, 4;
    %load/vec4 v000001b49171d9a0_0;
    %and;
T_7.8;
    %flag_set/vec4 9;
    %flag_get/vec4 9;
    %jmp/0 T_7.7, 9;
    %load/vec4 v000001b49177a980_0;
    %nor/r;
    %and;
T_7.7;
    %flag_set/vec4 8;
    %jmp/0xz  T_7.5, 8;
    %load/vec4 v000001b49171dae0_0;
    %assign/vec4 v000001b49177ac00_0, 0;
T_7.5 ;
T_7.1 ;
    %jmp T_7;
    .thread T_7;
    .scope S_000001b4916f0e00;
T_8 ;
    %wait E_000001b49171f980;
    %load/vec4 v000001b49177a0c0_0;
    %nor/r;
    %flag_set/vec4 8;
    %jmp/0xz  T_8.0, 8;
    %pushi/vec4 0, 0, 32;
    %ix/load 3, 0, 0;
    %flag_set/imm 4, 0;
    %ix/load 4, 0, 0; Constant delay
    %assign/vec4/a/d v000001b491779760, 0, 4;
    %pushi/vec4 0, 0, 32;
    %ix/load 3, 1, 0;
    %flag_set/imm 4, 0;
    %ix/load 4, 0, 0; Constant delay
    %assign/vec4/a/d v000001b491779760, 0, 4;
    %pushi/vec4 0, 0, 32;
    %ix/load 3, 2, 0;
    %flag_set/imm 4, 0;
    %ix/load 4, 0, 0; Constant delay
    %assign/vec4/a/d v000001b491779760, 0, 4;
    %pushi/vec4 0, 0, 32;
    %ix/load 3, 3, 0;
    %flag_set/imm 4, 0;
    %ix/load 4, 0, 0; Constant delay
    %assign/vec4/a/d v000001b491779760, 0, 4;
    %jmp T_8.1;
T_8.0 ;
    %load/vec4 v000001b49177a8e0_0;
    %flag_set/vec4 10;
    %flag_get/vec4 10;
    %jmp/0 T_8.5, 10;
    %load/vec4 v000001b49177aca0_0;
    %and;
T_8.5;
    %flag_set/vec4 9;
    %flag_get/vec4 9;
    %jmp/0 T_8.4, 9;
    %load/vec4 v000001b491779440_0;
    %and;
T_8.4;
    %flag_set/vec4 8;
    %jmp/0xz  T_8.2, 8;
    %load/vec4 v000001b49177a020_0;
    %load/vec4 v000001b49177b060_0;
    %pad/u 4;
    %ix/vec4 3;
    %ix/load 4, 0, 0; Constant delay
    %assign/vec4/a/d v000001b491779760, 0, 4;
T_8.2 ;
T_8.1 ;
    %jmp T_8;
    .thread T_8;
    .scope S_000001b4916f0e00;
T_9 ;
    %wait E_000001b49171fbc0;
    %load/vec4 v000001b49177a8e0_0;
    %flag_set/vec4 9;
    %flag_get/vec4 9;
    %jmp/0 T_9.2, 9;
    %load/vec4 v000001b491779440_0;
    %nor/r;
    %and;
T_9.2;
    %flag_set/vec4 8;
    %jmp/0xz  T_9.0, 8;
    %load/vec4 v000001b49177b060_0;
    %pad/u 4;
    %ix/vec4 4;
    %load/vec4a v000001b491779760, 4;
    %store/vec4 v000001b49177a840_0, 0, 32;
    %jmp T_9.1;
T_9.0 ;
    %pushi/vec4 0, 0, 32;
    %store/vec4 v000001b49177a840_0, 0, 32;
T_9.1 ;
    %jmp T_9;
    .thread T_9, $push;
    .scope S_000001b4917233a0;
T_10 ;
    %pushi/vec4 0, 0, 32;
    %store/vec4 v000001b49177b100_0, 0, 32;
    %pushi/vec4 0, 0, 32;
    %store/vec4 v000001b49177ab60_0, 0, 32;
    %end;
    .thread T_10, $init;
    .scope S_000001b4917233a0;
T_11 ;
    %pushi/vec4 0, 0, 1;
    %store/vec4 v000001b491779ee0_0, 0, 1;
T_11.0 ;
    %delay 5000, 0;
    %load/vec4 v000001b491779ee0_0;
    %inv;
    %store/vec4 v000001b491779ee0_0, 0, 1;
    %jmp T_11.0;
    %end;
    .thread T_11;
    .scope S_000001b4917233a0;
T_12 ;
    %pushi/vec4 0, 0, 1;
    %store/vec4 v000001b49177aac0_0, 0, 1;
    %pushi/vec4 0, 0, 2;
    %store/vec4 v000001b491779580_0, 0, 2;
    %pushi/vec4 0, 0, 32;
    %store/vec4 v000001b491779800_0, 0, 32;
    %pushi/vec4 0, 0, 32;
    %store/vec4 v000001b49177a660_0, 0, 32;
    %vpi_call/w 3 149 "$display", "\012[INIT] Applying System Reset..." {0 0 0};
    %pushi/vec4 5, 0, 32;
T_12.0 %dup/vec4;
    %pushi/vec4 0, 0, 32;
    %cmp/s;
    %jmp/1xz T_12.1, 5;
    %jmp/1 T_12.1, 4;
    %pushi/vec4 1, 0, 32;
    %sub;
    %wait E_000001b49171fdc0;
    %jmp T_12.0;
T_12.1 ;
    %pop/vec4 1;
    %wait E_000001b49171f340;
    %pushi/vec4 1, 0, 1;
    %store/vec4 v000001b49177aac0_0, 0, 1;
    %vpi_call/w 3 153 "$display", "[INIT] System Running.\012" {0 0 0};
    %vpi_call/w 3 156 "$display", "--- Starting Directed Tests ---" {0 0 0};
    %alloc S_000001b4917173e0;
    %pushi/vec4 0, 0, 32;
    %store/vec4 v000001b49171d4a0_0, 0, 32;
    %pushi/vec4 3735928559, 0, 32;
    %store/vec4 v000001b49171da40_0, 0, 32;
    %fork TD_tb_apb_system.apb_write, S_000001b4917173e0;
    %join;
    %free S_000001b4917173e0;
    %alloc S_000001b491715d00;
    %pushi/vec4 0, 0, 32;
    %store/vec4 v000001b49171d720_0, 0, 32;
    %fork TD_tb_apb_system.apb_read, S_000001b491715d00;
    %join;
    %load/vec4 v000001b49171d7c0_0;
    %store/vec4 v000001b49177b1a0_0, 0, 32;
    %free S_000001b491715d00;
    %pushi/vec4 0, 0, 32;
    %store/vec4 v000001b49171dd60_0, 0, 32;
    %pushi/vec4 3735928559, 0, 32;
    %store/vec4 v000001b49171d540_0, 0, 32;
    %load/vec4 v000001b49177b1a0_0;
    %store/vec4 v000001b49171d5e0_0, 0, 32;
    %fork TD_tb_apb_system.check_result, S_000001b491717570;
    %join;
    %alloc S_000001b4917173e0;
    %pushi/vec4 4, 0, 32;
    %store/vec4 v000001b49171d4a0_0, 0, 32;
    %pushi/vec4 3405691582, 0, 32;
    %store/vec4 v000001b49171da40_0, 0, 32;
    %fork TD_tb_apb_system.apb_write, S_000001b4917173e0;
    %join;
    %free S_000001b4917173e0;
    %alloc S_000001b491715d00;
    %pushi/vec4 4, 0, 32;
    %store/vec4 v000001b49171d720_0, 0, 32;
    %fork TD_tb_apb_system.apb_read, S_000001b491715d00;
    %join;
    %load/vec4 v000001b49171d7c0_0;
    %store/vec4 v000001b49177b1a0_0, 0, 32;
    %free S_000001b491715d00;
    %pushi/vec4 4, 0, 32;
    %store/vec4 v000001b49171dd60_0, 0, 32;
    %pushi/vec4 3405691582, 0, 32;
    %store/vec4 v000001b49171d540_0, 0, 32;
    %load/vec4 v000001b49177b1a0_0;
    %store/vec4 v000001b49171d5e0_0, 0, 32;
    %fork TD_tb_apb_system.check_result, S_000001b491717570;
    %join;
    %vpi_call/w 3 166 "$display", "\012--- Starting Random Stress Test (20 Iterations) ---" {0 0 0};
    %fork t_4, S_000001b491715b70;
    %jmp t_3;
    .scope S_000001b491715b70;
t_4 ;
    %pushi/vec4 0, 0, 32;
    %store/vec4 v000001b49171d400_0, 0, 32;
T_12.2 ;
    %load/vec4 v000001b49171d400_0;
    %cmpi/s 20, 0, 32;
    %jmp/0xz T_12.3, 5;
    %vpi_func 3 170 "$urandom_range" 32, 32'sb00000000000000000000000000000000, 32'sb00000000000000000000000000000011 {0 0 0};
    %muli 4, 0, 32;
    %store/vec4 v000001b49177a160_0, 0, 32;
    %vpi_func 3 172 "$urandom" 32 {0 0 0};
    %store/vec4 v000001b49177a3e0_0, 0, 32;
    %alloc S_000001b4917173e0;
    %load/vec4 v000001b49177a160_0;
    %store/vec4 v000001b49171d4a0_0, 0, 32;
    %load/vec4 v000001b49177a3e0_0;
    %store/vec4 v000001b49171da40_0, 0, 32;
    %fork TD_tb_apb_system.apb_write, S_000001b4917173e0;
    %join;
    %free S_000001b4917173e0;
    %alloc S_000001b491715d00;
    %load/vec4 v000001b49177a160_0;
    %store/vec4 v000001b49171d720_0, 0, 32;
    %fork TD_tb_apb_system.apb_read, S_000001b491715d00;
    %join;
    %load/vec4 v000001b49171d7c0_0;
    %store/vec4 v000001b49177b1a0_0, 0, 32;
    %free S_000001b491715d00;
    %load/vec4 v000001b49177a160_0;
    %store/vec4 v000001b49171dd60_0, 0, 32;
    %load/vec4 v000001b49177a3e0_0;
    %store/vec4 v000001b49171d540_0, 0, 32;
    %load/vec4 v000001b49177b1a0_0;
    %store/vec4 v000001b49171d5e0_0, 0, 32;
    %fork TD_tb_apb_system.check_result, S_000001b491717570;
    %join;
    %load/vec4 v000001b49171d400_0;
    %pushi/vec4 5, 0, 32;
    %mod/s;
    %cmpi/e 0, 0, 32;
    %jmp/0xz  T_12.4, 4;
    %vpi_call/w 3 182 "$write", "." {0 0 0};
T_12.4 ;
    ; show_stmt_assign_vector: Get l-value for compressed += operand
    %load/vec4 v000001b49171d400_0;
    %pushi/vec4 1, 0, 32;
    %add;
    %cast2;
    %store/vec4 v000001b49171d400_0, 0, 32;
    %jmp T_12.2;
T_12.3 ;
    %end;
    .scope S_000001b4917233a0;
t_3 %join;
    %vpi_call/w 3 184 "$display", "\000" {0 0 0};
    %vpi_call/w 3 187 "$display", "\012==========================================" {0 0 0};
    %load/vec4 v000001b49177b100_0;
    %cmpi/e 0, 0, 32;
    %jmp/0xz  T_12.6, 4;
    %vpi_call/w 3 189 "$display", "   STATUS: PASSED " {0 0 0};
    %vpi_call/w 3 190 "$display", "   Ran %0d tests with 0 errors.", v000001b49177ab60_0 {0 0 0};
    %jmp T_12.7;
T_12.6 ;
    %vpi_call/w 3 192 "$display", "   STATUS: FAILED " {0 0 0};
    %vpi_call/w 3 193 "$display", "   Detected %0d errors in %0d tests.", v000001b49177b100_0, v000001b49177ab60_0 {0 0 0};
T_12.7 ;
    %vpi_call/w 3 195 "$display", "==========================================" {0 0 0};
    %vpi_call/w 3 197 "$finish" {0 0 0};
    %end;
    .thread T_12;
    .scope S_000001b4917233a0;
T_13 ;
    %vpi_call/w 3 202 "$dumpfile", "apb_improved.vcd" {0 0 0};
    %vpi_call/w 3 203 "$dumpvars", 32'sb00000000000000000000000000000000, S_000001b4917233a0 {0 0 0};
    %end;
    .thread T_13;
# The file index is used to find the file name in the following table.
:file_names 6;
    "N/A";
    "<interactive>";
    "-";
    "TB/tb_apb_system.sv";
    "RTL/APB_master.sv";
    "RTL/APB_slave.sv";
